<?xml version="1.0" encoding="UTF-8"?>
<!-- Generated by org.testng.reporters.JUnitReportReporter -->
<testsuite name="test.NewTest" tests="1" time="18.308" ignored="0" failures="0" timestamp="26 Oct 2017 09:25:08 GMT" skipped="0" hostname="PC07VPNK" errors="0">
  <testcase name="test" time="18.308" classname="test.NewTest"/>
</testsuite> <!-- test.NewTest -->
