<?xml version="1.0" encoding="UTF-8"?>
<!-- Generated by org.testng.reporters.JUnitReportReporter -->
<testsuite name="test.NewTest" tests="1" time="6.815" ignored="0" failures="0" timestamp="25 Oct 2017 04:45:16 GMT" skipped="0" hostname="PC07VPNK" errors="0">
  <testcase name="test" time="6.815" classname="test.NewTest"/>
</testsuite> <!-- test.NewTest -->
