<?xml version="1.0" encoding="UTF-8"?>
<!-- Generated by org.testng.reporters.JUnitReportReporter -->
<testsuite name="test.SampleMaven" tests="1" time="0.013" ignored="0" failures="0" timestamp="25 Oct 2017 02:07:22 GMT" skipped="0" hostname="Home" errors="0">
  <testcase name="test" time="0.013" classname="test.SampleMaven"/>
</testsuite> <!-- test.SampleMaven -->
